Arguments: 
  /home/teodor/.nvm/versions/node/v18.1.0/bin/node /home/teodor/.nvm/versions/node/v18.1.0/bin/yarn run start

PATH: 
  /home/teodor/.vscode-server/bin/8fa188b2b301d36553cbc9ce1b0a146ccb93351f/bin/remote-cli:/home/teodor/.nvm/versions/node/v18.1.0/bin:/usr/local/sbin:/usr/local/bin:/usr/sbin:/usr/bin:/sbin:/bin:/usr/games:/usr/local/games:/usr/lib/wsl/lib:/mnt/c/Program Files (x86)/Microsoft SDKs/Azure/CLI2/wbin:/mnt/c/Python39/Scripts/:/mnt/c/Python39/:/mnt/c/Windows/system32:/mnt/c/Windows:/mnt/c/Windows/System32/Wbem:/mnt/c/Windows/System32/WindowsPowerShell/v1.0/:/mnt/c/Windows/System32/OpenSSH/:/mnt/c/Program Files (x86)/NVIDIA Corporation/PhysX/Common:/mnt/c/Program Files/NVIDIA Corporation/NVIDIA NvDLISR:/mnt/c/ProgramData/chocolatey/bin:/mnt/c/Program Files/Git/cmd:/mnt/c/Program Files/PuTTY/:/mnt/c/Program Files (x86)/GitExtensions/:/mnt/c/Program Files (x86)/Microsoft SQL Server/150/DTS/Binn/:/mnt/c/Program Files/Azure Data Studio/bin:/mnt/c/Program Files/dotnet/:/mnt/c/Program Files/nodejs/:/mnt/c/WINDOWS/system32:/mnt/c/WINDOWS:/mnt/c/WINDOWS/System32/Wbem:/mnt/c/WINDOWS/System32/WindowsPowerShell/v1.0/:/mnt/c/WINDOWS/System32/OpenSSH/:/mnt/c/Program Files/Docker/Docker/resources/bin:/mnt/c/Users/TeodorAndersson/AppData/Local/Microsoft/WindowsApps:/mnt/c/Users/TeodorAndersson/AppData/Local/Programs/Microsoft VS Code/bin:/mnt/c/Users/TeodorAndersson/AppData/Roaming/npm:/mnt/c/Users/TeodorAndersson/AppData/Local/Programs/Fiddler

Yarn version: 
  1.22.18

Node version: 
  18.1.0

Platform: 
  linux x64

Trace: 
  SyntaxError: /home/teodor/code/arrigo-metervalue-push/package.json: Unexpected string in JSON at position 246
      at JSON.parse (<anonymous>)
      at /home/teodor/.nvm/versions/node/v18.1.0/lib/node_modules/yarn/lib/cli.js:1625:59
      at Generator.next (<anonymous>)
      at step (/home/teodor/.nvm/versions/node/v18.1.0/lib/node_modules/yarn/lib/cli.js:310:30)
      at /home/teodor/.nvm/versions/node/v18.1.0/lib/node_modules/yarn/lib/cli.js:321:13

npm manifest: 
  {
    "name": "arrigo-metervalue-push",
    "version": "1.0.0",
    "main": "index.js",
    "author": "Teodor Andersson <teodor.andersson@rssoftware.se>",
    "license": "MIT",
    "dependencies": {
      "dotenv": "^16.0.3",
      "node-fetch": "^3.2.10"
    }
    "scripts": {"start":"node index.js"}
  }

yarn manifest: 
  No manifest

Lockfile: 
  # THIS IS AN AUTOGENERATED FILE. DO NOT EDIT THIS FILE DIRECTLY.
  # yarn lockfile v1
  
  
  data-uri-to-buffer@^4.0.0:
    version "4.0.0"
    resolved "https://registry.npmjs.org/data-uri-to-buffer/-/data-uri-to-buffer-4.0.0.tgz#b5db46aea50f6176428ac05b73be39a57701a64b"
    integrity sha512-Vr3mLBA8qWmcuschSLAOogKgQ/Jwxulv3RNE4FXnYWRGujzrRWQI4m12fQqRkwX06C0KanhLr4hK+GydchZsaA==
  
  dotenv@^16.0.3:
    version "16.0.3"
    resolved "https://registry.npmjs.org/dotenv/-/dotenv-16.0.3.tgz#115aec42bac5053db3c456db30cc243a5a836a07"
    integrity sha512-7GO6HghkA5fYG9TYnNxi14/7K9f5occMlp3zXAuSxn7CKCxt9xbNWG7yF8hTCSUchlfWSe3uLmlPfigevRItzQ==
  
  fetch-blob@^3.1.2, fetch-blob@^3.1.4:
    version "3.2.0"
    resolved "https://registry.npmjs.org/fetch-blob/-/fetch-blob-3.2.0.tgz#f09b8d4bbd45adc6f0c20b7e787e793e309dcce9"
    integrity sha512-7yAQpD2UMJzLi1Dqv7qFYnPbaPx7ZfFK6PiIxQ4PfkGPyNyl2Ugx+a/umUonmKqjhM4DnfbMvdX6otXq83soQQ==
    dependencies:
      node-domexception "^1.0.0"
      web-streams-polyfill "^3.0.3"
  
  formdata-polyfill@^4.0.10:
    version "4.0.10"
    resolved "https://registry.npmjs.org/formdata-polyfill/-/formdata-polyfill-4.0.10.tgz#24807c31c9d402e002ab3d8c720144ceb8848423"
    integrity sha512-buewHzMvYL29jdeQTVILecSaZKnt/RJWjoZCF5OW60Z67/GmSLBkOFM7qh1PI3zFNtJbaZL5eQu1vLfazOwj4g==
    dependencies:
      fetch-blob "^3.1.2"
  
  node-domexception@^1.0.0:
    version "1.0.0"
    resolved "https://registry.npmjs.org/node-domexception/-/node-domexception-1.0.0.tgz#6888db46a1f71c0b76b3f7555016b63fe64766e5"
    integrity sha512-/jKZoMpw0F8GRwl4/eLROPA3cfcXtLApP0QzLmUT/HuPCZWyB7IY9ZrMeKw2O/nFIqPQB3PVM9aYm0F312AXDQ==
  
  node-fetch@^3.2.10:
    version "3.2.10"
    resolved "https://registry.npmjs.org/node-fetch/-/node-fetch-3.2.10.tgz#e8347f94b54ae18b57c9c049ef641cef398a85c8"
    integrity sha512-MhuzNwdURnZ1Cp4XTazr69K0BTizsBroX7Zx3UgDSVcZYKF/6p0CBe4EUb/hLqmzVhl0UpYfgRljQ4yxE+iCxA==
    dependencies:
      data-uri-to-buffer "^4.0.0"
      fetch-blob "^3.1.4"
      formdata-polyfill "^4.0.10"
  
  web-streams-polyfill@^3.0.3:
    version "3.2.1"
    resolved "https://registry.npmjs.org/web-streams-polyfill/-/web-streams-polyfill-3.2.1.tgz#71c2718c52b45fd49dbeee88634b3a60ceab42a6"
    integrity sha512-e0MO3wdXWKrLbL0DgGnUV7WHVuw9OUvL4hjgnPkIeEvESk74gAITi5G606JtZPp39cd8HA9VQzCIvA49LpPN5Q==
